Unable to capture context for thread 37000 in process 40372, can not generate back trace
Unable to capture context for thread 41016 in process 40372, can not generate back trace
Exception at PC 0x00007FFC730D3C58
Unable to capture context for thread 37000 in process 40372, can not generate back trace
Unable to capture context for thread 41016 in process 40372, can not generate back trace
Unable to capture context for thread 36236 in process 40372, can not generate back trace
Exception at PC 0x00007FFC0E75BB93
Printing stacktrace...

Exception at PC 0x00007FFC730D3C58
Exception at PC 0x00007FFC730D3C58
Exception at PC 0x00007FFC730D3C58
[0]  [0x00007FFC0E75BB93]
[1]  [0x00007FFC0E75BB93]
[2]  [0x00007FFC0E75B4A1]
[3]  [0x00007FFC0E75B3EF]
[4]  [0x00007FFC0E7419FE]
[5]  [0x00007FFC0E740ED1]
[6]  [0x00007FFC0E740D76]
[7]  [0x00007FFC0E6E79F6]
[8]  [0x00007FFC0E6D7AFB]
[9]  [0x00007FFC0E7FE90A]
[10]  [0x00007FFC0E819F87]
[11]  [0x00007FFC0E81A05F]
[12] (BaseThreadInitThunk+0x14) [0x00007FFC740E8364]
[13] (RtlUserThreadStart+0x21) [0x00007FFC769B70D1]
Done
Exception at PC 0x00007FFC730D3C58
Exception at PC 0x00007FFC730D3C58
Exception at PC 0x00007FFC730D3C58
Exception at PC 0x00007FFC730D3C58
Exception at PC 0x00007FFC730D3C58
Exception at PC 0x00007FFC730D3C58
Exception at PC 0x00007FFC730D3C58
Exception at PC 0x00007FFC730D3C58
Exception at PC 0x00007FFC730D3C58
Exception at PC 0x00007FFC730D3C58
Exception at PC 0x00007FFC730D3C58
Exception at PC 0x00007FFC730D3C58
Exception at PC 0x00007FFC730D3C58
Exception at PC 0x00007FFC730D3C58
